2016-07-20 12:57:55,174 - ************************************************************** 
2016-07-20 12:57:55,174 - Starting Jakarta Velocity v1.4
2016-07-20 12:57:55,174 - RuntimeInstance initializing.
2016-07-20 12:57:55,174 - Default Properties File: org\apache\velocity\runtime\defaults\velocity.properties
2016-07-20 12:57:55,174 - Trying to use logger class org.apache.velocity.runtime.log.SimpleLog4JLogSystem
2016-07-20 12:57:55,174 - Using logger class org.apache.velocity.runtime.log.SimpleLog4JLogSystem
2016-07-20 12:57:55,174 - Default ResourceManager initializing. (class org.apache.velocity.runtime.resource.ResourceManagerImpl)
2016-07-20 12:57:55,174 - Resource Loader Instantiated: org.apache.velocity.runtime.resource.loader.ClasspathResourceLoader
2016-07-20 12:57:55,174 - ClasspathResourceLoader : initialization starting.
2016-07-20 12:57:55,174 - ClasspathResourceLoader : initialization complete.
2016-07-20 12:57:55,190 - ResourceCache : initialized. (class org.apache.velocity.runtime.resource.ResourceCacheImpl)
2016-07-20 12:57:55,190 - Default ResourceManager initialization complete.
2016-07-20 12:57:55,190 - Loaded System Directive: org.apache.velocity.runtime.directive.Literal
2016-07-20 12:57:55,190 - Loaded System Directive: org.apache.velocity.runtime.directive.Macro
2016-07-20 12:57:55,190 - Loaded System Directive: org.apache.velocity.runtime.directive.Parse
2016-07-20 12:57:55,190 - Loaded System Directive: org.apache.velocity.runtime.directive.Include
2016-07-20 12:57:55,190 - Loaded System Directive: org.apache.velocity.runtime.directive.Foreach
2016-07-20 12:57:55,205 - Created: 20 parsers.
2016-07-20 12:57:55,221 - Velocimacro : initialization starting.
2016-07-20 12:57:55,221 - Velocimacro : adding VMs from VM library template : VM_global_library.vm
2016-07-20 12:57:55,221 - ResourceManager : unable to find resource 'VM_global_library.vm' in any resource loader.
2016-07-20 12:57:55,221 - Velocimacro : error using  VM library template VM_global_library.vm : org.apache.velocity.exception.ResourceNotFoundException: Unable to find resource 'VM_global_library.vm'
2016-07-20 12:57:55,221 - Velocimacro :  VM library template macro registration complete.
2016-07-20 12:57:55,221 - Velocimacro : allowInline = true : VMs can be defined inline in templates
2016-07-20 12:57:55,221 - Velocimacro : allowInlineToOverride = false : VMs defined inline may NOT replace previous VM definitions
2016-07-20 12:57:55,221 - Velocimacro : allowInlineLocal = false : VMs defined inline will be  global in scope if allowed.
2016-07-20 12:57:55,221 - Velocimacro : messages on  : VM system will output logging messages
2016-07-20 12:57:55,221 - Velocimacro : autoload off  : VM system will not automatically reload global library macros
2016-07-20 12:57:55,221 - Velocimacro : initialization complete.
2016-07-20 12:57:55,221 - Velocity successfully started.
2016-07-20 13:35:05,675 - SimpleLog4JLogSystem initialized using logfile 'velocity.log'
2016-07-20 13:35:05,675 - ************************************************************** 
2016-07-20 13:35:05,675 - Starting Jakarta Velocity v1.4
2016-07-20 13:35:05,675 - RuntimeInstance initializing.
2016-07-20 13:35:05,675 - Default Properties File: org\apache\velocity\runtime\defaults\velocity.properties
2016-07-20 13:35:05,675 - Trying to use logger class org.apache.velocity.runtime.log.SimpleLog4JLogSystem
2016-07-20 13:35:05,675 - Using logger class org.apache.velocity.runtime.log.SimpleLog4JLogSystem
2016-07-20 13:35:05,675 - Default ResourceManager initializing. (class org.apache.velocity.runtime.resource.ResourceManagerImpl)
2016-07-20 13:35:05,675 - Resource Loader Instantiated: org.apache.velocity.runtime.resource.loader.ClasspathResourceLoader
2016-07-20 13:35:05,675 - ClasspathResourceLoader : initialization starting.
2016-07-20 13:35:05,675 - ClasspathResourceLoader : initialization complete.
2016-07-20 13:35:05,675 - ResourceCache : initialized. (class org.apache.velocity.runtime.resource.ResourceCacheImpl)
2016-07-20 13:35:05,675 - Default ResourceManager initialization complete.
2016-07-20 13:35:05,675 - Loaded System Directive: org.apache.velocity.runtime.directive.Literal
2016-07-20 13:35:05,675 - Loaded System Directive: org.apache.velocity.runtime.directive.Macro
2016-07-20 13:35:05,691 - Loaded System Directive: org.apache.velocity.runtime.directive.Parse
2016-07-20 13:35:05,691 - Loaded System Directive: org.apache.velocity.runtime.directive.Include
2016-07-20 13:35:05,691 - Loaded System Directive: org.apache.velocity.runtime.directive.Foreach
2016-07-20 13:35:05,707 - Created: 20 parsers.
2016-07-20 13:35:05,707 - Velocimacro : initialization starting.
2016-07-20 13:35:05,707 - Velocimacro : adding VMs from VM library template : VM_global_library.vm
2016-07-20 13:35:05,722 - ResourceManager : unable to find resource 'VM_global_library.vm' in any resource loader.
2016-07-20 13:35:05,722 - Velocimacro : error using  VM library template VM_global_library.vm : org.apache.velocity.exception.ResourceNotFoundException: Unable to find resource 'VM_global_library.vm'
2016-07-20 13:35:05,722 - Velocimacro :  VM library template macro registration complete.
2016-07-20 13:35:05,722 - Velocimacro : allowInline = true : VMs can be defined inline in templates
2016-07-20 13:35:05,722 - Velocimacro : allowInlineToOverride = false : VMs defined inline may NOT replace previous VM definitions
2016-07-20 13:35:05,722 - Velocimacro : allowInlineLocal = false : VMs defined inline will be  global in scope if allowed.
2016-07-20 13:35:05,722 - Velocimacro : messages on  : VM system will output logging messages
2016-07-20 13:35:05,722 - Velocimacro : autoload off  : VM system will not automatically reload global library macros
2016-07-20 13:35:05,722 - Velocimacro : initialization complete.
2016-07-20 13:35:05,722 - Velocity successfully started.
2016-08-04 14:31:06,493 - SimpleLog4JLogSystem initialized using logfile 'velocity.log'
2016-08-04 14:31:06,493 - ************************************************************** 
2016-08-04 14:31:06,493 - Starting Jakarta Velocity v1.4
2016-08-04 14:31:06,493 - RuntimeInstance initializing.
2016-08-04 14:31:06,493 - Default Properties File: org\apache\velocity\runtime\defaults\velocity.properties
2016-08-04 14:31:06,493 - Trying to use logger class org.apache.velocity.runtime.log.SimpleLog4JLogSystem
2016-08-04 14:31:06,493 - Using logger class org.apache.velocity.runtime.log.SimpleLog4JLogSystem
2016-08-04 14:31:06,493 - Default ResourceManager initializing. (class org.apache.velocity.runtime.resource.ResourceManagerImpl)
2016-08-04 14:31:06,493 - Resource Loader Instantiated: org.apache.velocity.runtime.resource.loader.ClasspathResourceLoader
2016-08-04 14:31:06,493 - ClasspathResourceLoader : initialization starting.
2016-08-04 14:31:06,493 - ClasspathResourceLoader : initialization complete.
2016-08-04 14:31:06,493 - ResourceCache : initialized. (class org.apache.velocity.runtime.resource.ResourceCacheImpl)
2016-08-04 14:31:06,493 - Default ResourceManager initialization complete.
2016-08-04 14:31:06,493 - Loaded System Directive: org.apache.velocity.runtime.directive.Literal
2016-08-04 14:31:06,493 - Loaded System Directive: org.apache.velocity.runtime.directive.Macro
2016-08-04 14:31:06,508 - Loaded System Directive: org.apache.velocity.runtime.directive.Parse
2016-08-04 14:31:06,508 - Loaded System Directive: org.apache.velocity.runtime.directive.Include
2016-08-04 14:31:06,508 - Loaded System Directive: org.apache.velocity.runtime.directive.Foreach
2016-08-04 14:31:06,524 - Created: 20 parsers.
2016-08-04 14:31:06,524 - Velocimacro : initialization starting.
2016-08-04 14:31:06,524 - Velocimacro : adding VMs from VM library template : VM_global_library.vm
2016-08-04 14:31:06,540 - ResourceManager : unable to find resource 'VM_global_library.vm' in any resource loader.
2016-08-04 14:31:06,540 - Velocimacro : error using  VM library template VM_global_library.vm : org.apache.velocity.exception.ResourceNotFoundException: Unable to find resource 'VM_global_library.vm'
2016-08-04 14:31:06,540 - Velocimacro :  VM library template macro registration complete.
2016-08-04 14:31:06,540 - Velocimacro : allowInline = true : VMs can be defined inline in templates
2016-08-04 14:31:06,540 - Velocimacro : allowInlineToOverride = false : VMs defined inline may NOT replace previous VM definitions
2016-08-04 14:31:06,540 - Velocimacro : allowInlineLocal = false : VMs defined inline will be  global in scope if allowed.
2016-08-04 14:31:06,540 - Velocimacro : messages on  : VM system will output logging messages
2016-08-04 14:31:06,540 - Velocimacro : autoload off  : VM system will not automatically reload global library macros
2016-08-04 14:31:06,540 - Velocimacro : initialization complete.
2016-08-04 14:31:06,540 - Velocity successfully started.
2016-08-04 16:54:08,774 - SimpleLog4JLogSystem initialized using logfile 'velocity.log'
2016-08-04 16:54:08,774 - ************************************************************** 
2016-08-04 16:54:08,774 - Starting Jakarta Velocity v1.4
2016-08-04 16:54:08,774 - RuntimeInstance initializing.
2016-08-04 16:54:08,774 - Default Properties File: org\apache\velocity\runtime\defaults\velocity.properties
2016-08-04 16:54:08,774 - Trying to use logger class org.apache.velocity.runtime.log.SimpleLog4JLogSystem
2016-08-04 16:54:08,774 - Using logger class org.apache.velocity.runtime.log.SimpleLog4JLogSystem
2016-08-04 16:54:08,789 - Default ResourceManager initializing. (class org.apache.velocity.runtime.resource.ResourceManagerImpl)
2016-08-04 16:54:08,789 - Resource Loader Instantiated: org.apache.velocity.runtime.resource.loader.ClasspathResourceLoader
2016-08-04 16:54:08,789 - ClasspathResourceLoader : initialization starting.
2016-08-04 16:54:08,789 - ClasspathResourceLoader : initialization complete.
2016-08-04 16:54:08,789 - ResourceCache : initialized. (class org.apache.velocity.runtime.resource.ResourceCacheImpl)
2016-08-04 16:54:08,789 - Default ResourceManager initialization complete.
2016-08-04 16:54:08,789 - Loaded System Directive: org.apache.velocity.runtime.directive.Literal
2016-08-04 16:54:08,789 - Loaded System Directive: org.apache.velocity.runtime.directive.Macro
2016-08-04 16:54:08,789 - Loaded System Directive: org.apache.velocity.runtime.directive.Parse
2016-08-04 16:54:08,805 - Loaded System Directive: org.apache.velocity.runtime.directive.Include
2016-08-04 16:54:08,805 - Loaded System Directive: org.apache.velocity.runtime.directive.Foreach
2016-08-04 16:54:08,821 - Created: 20 parsers.
2016-08-04 16:54:08,836 - Velocimacro : initialization starting.
2016-08-04 16:54:08,836 - Velocimacro : adding VMs from VM library template : VM_global_library.vm
2016-08-04 16:54:08,852 - ResourceManager : unable to find resource 'VM_global_library.vm' in any resource loader.
2016-08-04 16:54:08,852 - Velocimacro : error using  VM library template VM_global_library.vm : org.apache.velocity.exception.ResourceNotFoundException: Unable to find resource 'VM_global_library.vm'
2016-08-04 16:54:08,852 - Velocimacro :  VM library template macro registration complete.
2016-08-04 16:54:08,852 - Velocimacro : allowInline = true : VMs can be defined inline in templates
2016-08-04 16:54:08,852 - Velocimacro : allowInlineToOverride = false : VMs defined inline may NOT replace previous VM definitions
2016-08-04 16:54:08,852 - Velocimacro : allowInlineLocal = false : VMs defined inline will be  global in scope if allowed.
2016-08-04 16:54:08,852 - Velocimacro : messages on  : VM system will output logging messages
2016-08-04 16:54:08,852 - Velocimacro : autoload off  : VM system will not automatically reload global library macros
2016-08-04 16:54:08,852 - Velocimacro : initialization complete.
2016-08-04 16:54:08,852 - Velocity successfully started.
2016-08-04 17:21:49,482 - SimpleLog4JLogSystem initialized using logfile 'velocity.log'
2016-08-04 17:21:49,482 - ************************************************************** 
2016-08-04 17:21:49,482 - Starting Jakarta Velocity v1.4
2016-08-04 17:21:49,482 - RuntimeInstance initializing.
2016-08-04 17:21:49,482 - Default Properties File: org\apache\velocity\runtime\defaults\velocity.properties
2016-08-04 17:21:49,482 - Trying to use logger class org.apache.velocity.runtime.log.SimpleLog4JLogSystem
2016-08-04 17:21:49,482 - Using logger class org.apache.velocity.runtime.log.SimpleLog4JLogSystem
2016-08-04 17:21:49,482 - Default ResourceManager initializing. (class org.apache.velocity.runtime.resource.ResourceManagerImpl)
2016-08-04 17:21:49,482 - Resource Loader Instantiated: org.apache.velocity.runtime.resource.loader.ClasspathResourceLoader
2016-08-04 17:21:49,482 - ClasspathResourceLoader : initialization starting.
2016-08-04 17:21:49,482 - ClasspathResourceLoader : initialization complete.
2016-08-04 17:21:49,482 - ResourceCache : initialized. (class org.apache.velocity.runtime.resource.ResourceCacheImpl)
2016-08-04 17:21:49,482 - Default ResourceManager initialization complete.
2016-08-04 17:21:49,498 - Loaded System Directive: org.apache.velocity.runtime.directive.Literal
2016-08-04 17:21:49,498 - Loaded System Directive: org.apache.velocity.runtime.directive.Macro
2016-08-04 17:21:49,498 - Loaded System Directive: org.apache.velocity.runtime.directive.Parse
2016-08-04 17:21:49,498 - Loaded System Directive: org.apache.velocity.runtime.directive.Include
2016-08-04 17:21:49,498 - Loaded System Directive: org.apache.velocity.runtime.directive.Foreach
2016-08-04 17:21:49,529 - Created: 20 parsers.
2016-08-04 17:21:49,545 - Velocimacro : initialization starting.
2016-08-04 17:21:49,545 - Velocimacro : adding VMs from VM library template : VM_global_library.vm
2016-08-04 17:21:49,545 - ResourceManager : unable to find resource 'VM_global_library.vm' in any resource loader.
2016-08-04 17:21:49,545 - Velocimacro : error using  VM library template VM_global_library.vm : org.apache.velocity.exception.ResourceNotFoundException: Unable to find resource 'VM_global_library.vm'
2016-08-04 17:21:49,545 - Velocimacro :  VM library template macro registration complete.
2016-08-04 17:21:49,545 - Velocimacro : allowInline = true : VMs can be defined inline in templates
2016-08-04 17:21:49,545 - Velocimacro : allowInlineToOverride = false : VMs defined inline may NOT replace previous VM definitions
2016-08-04 17:21:49,545 - Velocimacro : allowInlineLocal = false : VMs defined inline will be  global in scope if allowed.
2016-08-04 17:21:49,545 - Velocimacro : messages on  : VM system will output logging messages
2016-08-04 17:21:49,545 - Velocimacro : autoload off  : VM system will not automatically reload global library macros
2016-08-04 17:21:49,545 - Velocimacro : initialization complete.
2016-08-04 17:21:49,545 - Velocity successfully started.
2016-08-04 17:27:43,844 - SimpleLog4JLogSystem initialized using logfile 'velocity.log'
2016-08-04 17:27:43,844 - ************************************************************** 
2016-08-04 17:27:43,844 - Starting Jakarta Velocity v1.4
2016-08-04 17:27:43,844 - RuntimeInstance initializing.
2016-08-04 17:27:43,844 - Default Properties File: org\apache\velocity\runtime\defaults\velocity.properties
2016-08-04 17:27:43,844 - Trying to use logger class org.apache.velocity.runtime.log.SimpleLog4JLogSystem
2016-08-04 17:27:43,844 - Using logger class org.apache.velocity.runtime.log.SimpleLog4JLogSystem
2016-08-04 17:27:43,844 - Default ResourceManager initializing. (class org.apache.velocity.runtime.resource.ResourceManagerImpl)
2016-08-04 17:27:43,844 - Resource Loader Instantiated: org.apache.velocity.runtime.resource.loader.ClasspathResourceLoader
2016-08-04 17:27:43,844 - ClasspathResourceLoader : initialization starting.
2016-08-04 17:27:43,844 - ClasspathResourceLoader : initialization complete.
2016-08-04 17:27:43,844 - ResourceCache : initialized. (class org.apache.velocity.runtime.resource.ResourceCacheImpl)
2016-08-04 17:27:43,844 - Default ResourceManager initialization complete.
2016-08-04 17:27:43,860 - Loaded System Directive: org.apache.velocity.runtime.directive.Literal
2016-08-04 17:27:43,860 - Loaded System Directive: org.apache.velocity.runtime.directive.Macro
2016-08-04 17:27:43,860 - Loaded System Directive: org.apache.velocity.runtime.directive.Parse
2016-08-04 17:27:43,860 - Loaded System Directive: org.apache.velocity.runtime.directive.Include
2016-08-04 17:27:43,860 - Loaded System Directive: org.apache.velocity.runtime.directive.Foreach
2016-08-04 17:27:43,891 - Created: 20 parsers.
2016-08-04 17:27:43,907 - Velocimacro : initialization starting.
2016-08-04 17:27:43,907 - Velocimacro : adding VMs from VM library template : VM_global_library.vm
2016-08-04 17:27:43,907 - ResourceManager : unable to find resource 'VM_global_library.vm' in any resource loader.
2016-08-04 17:27:43,907 - Velocimacro : error using  VM library template VM_global_library.vm : org.apache.velocity.exception.ResourceNotFoundException: Unable to find resource 'VM_global_library.vm'
2016-08-04 17:27:43,907 - Velocimacro :  VM library template macro registration complete.
2016-08-04 17:27:43,907 - Velocimacro : allowInline = true : VMs can be defined inline in templates
2016-08-04 17:27:43,907 - Velocimacro : allowInlineToOverride = false : VMs defined inline may NOT replace previous VM definitions
2016-08-04 17:27:43,907 - Velocimacro : allowInlineLocal = false : VMs defined inline will be  global in scope if allowed.
2016-08-04 17:27:43,907 - Velocimacro : messages on  : VM system will output logging messages
2016-08-04 17:27:43,907 - Velocimacro : autoload off  : VM system will not automatically reload global library macros
2016-08-04 17:27:43,907 - Velocimacro : initialization complete.
2016-08-04 17:27:43,907 - Velocity successfully started.
